TN:
SF:/Users/mac/Desktop/study/LiFa-UI/src/svg.js
FN:1,(anonymous_0)
FN:13,(anonymous_1)
FN:15,(anonymous_2)
FN:19,(anonymous_3)
FN:26,(anonymous_4)
FN:30,e
FN:35,(anonymous_6)
FN:37,(anonymous_7)
FN:38,(anonymous_8)
FNF:9
FNH:6
FNDA:5,(anonymous_0)
FNDA:5,(anonymous_1)
FNDA:5,(anonymous_2)
FNDA:0,(anonymous_3)
FNDA:0,(anonymous_4)
FNDA:0,e
FNDA:5,(anonymous_6)
FNDA:5,(anonymous_7)
FNDA:5,(anonymous_8)
DA:1,5
DA:3,5
DA:4,5
DA:5,5
DA:6,0
DA:7,0
DA:8,0
DA:10,0
DA:13,5
DA:14,5
DA:15,5
DA:16,5
DA:18,5
DA:19,0
DA:20,0
DA:21,0
DA:23,0
DA:25,0
DA:27,0
DA:31,0
DA:37,5
DA:38,5
DA:39,5
LF:23
LH:12
BRDA:5,0,0,0
BRDA:5,0,1,5
BRDA:5,1,0,5
BRDA:5,1,1,0
BRDA:10,2,0,0
BRDA:10,2,1,0
BRDA:14,3,0,5
BRDA:14,3,1,0
BRDA:14,4,0,0
BRDA:14,4,1,5
BRDA:19,5,0,0
BRDA:19,5,1,0
BRDA:27,6,0,0
BRDA:27,6,1,0
BRDA:31,7,0,0
BRDA:31,7,1,0
BRDA:37,8,0,5
BRDA:37,8,1,5
BRDA:38,9,0,5
BRDA:38,9,1,0
BRF:20
BRH:7
end_of_record
TN:
SF:/Users/mac/Desktop/study/LiFa-UI/src/icon.vue
FNF:0
FNH:0
LF:0
LH:0
BRF:0
BRH:0
end_of_record
TN:
SF:/Users/mac/Desktop/study/LiFa-UI/src/button/button.vue
FN:31,(anonymous_0)
FNF:1
FNH:1
FNDA:5,(anonymous_0)
DA:32,5
LF:1
LH:1
BRDA:32,0,0,5
BRDA:32,0,1,1
BRF:2
BRH:2
end_of_record
TN:
SF:/Users/mac/Desktop/study/LiFa-UI/tests/unit/button.spec.js
FN:9,(anonymous_0)
FN:10,(anonymous_1)
FN:13,(anonymous_2)
FN:22,(anonymous_3)
FN:34,(anonymous_4)
FN:46,(anonymous_5)
FN:58,(anonymous_6)
FNF:7
FNH:7
FNDA:1,(anonymous_0)
FNDA:1,(anonymous_1)
FNDA:1,(anonymous_2)
FNDA:1,(anonymous_3)
FNDA:1,(anonymous_4)
FNDA:1,(anonymous_5)
FNDA:1,(anonymous_6)
DA:6,1
DA:9,1
DA:10,1
DA:11,1
DA:13,1
DA:14,1
DA:19,1
DA:20,1
DA:22,1
DA:23,1
DA:29,1
DA:30,1
DA:31,1
DA:32,1
DA:34,1
DA:35,1
DA:41,1
DA:42,1
DA:43,1
DA:46,1
DA:47,1
DA:54,1
DA:55,1
DA:56,1
DA:58,1
DA:59,1
DA:64,1
DA:66,1
DA:67,1
DA:68,1
DA:69,1
LF:31
LH:31
BRF:0
BRH:0
end_of_record
TN:
SF:/Users/mac/Desktop/study/LiFa-UI/src/grid/col.vue
FN:8,(anonymous_0)
FN:11,(anonymous_1)
FN:44,(anonymous_2)
FN:54,(anonymous_3)
FN:68,(anonymous_4)
FN:82,(anonymous_5)
FNF:6
FNH:6
FNDA:4,(anonymous_0)
FNDA:8,(anonymous_1)
FNDA:6,(anonymous_2)
FNDA:30,(anonymous_3)
FNDA:6,(anonymous_4)
FNDA:6,(anonymous_5)
DA:8,1
DA:9,4
DA:10,4
DA:11,4
DA:12,8
DA:13,0
DA:16,4
DA:45,6
DA:55,30
DA:56,30
DA:57,10
DA:58,5
DA:60,10
DA:61,5
DA:64,30
DA:69,6
DA:70,6
DA:71,6
DA:83,6
LF:19
LH:18
BRDA:12,0,0,0
BRDA:12,0,1,8
BRDA:54,1,0,6
BRDA:56,2,0,10
BRDA:56,2,1,20
BRDA:57,3,0,5
BRDA:57,3,1,5
BRDA:60,4,0,5
BRDA:60,4,1,5
BRF:9
BRH:8
end_of_record
TN:
SF:/Users/mac/Desktop/study/LiFa-UI/tests/unit/col.spec.js
FN:10,(anonymous_0)
FN:11,(anonymous_1)
FN:14,(anonymous_2)
FN:24,(anonymous_3)
FN:34,(anonymous_4)
FN:43,(anonymous_5)
FN:52,(anonymous_6)
FN:61,(anonymous_7)
FNF:8
FNH:8
FNDA:1,(anonymous_0)
FNDA:1,(anonymous_1)
FNDA:1,(anonymous_2)
FNDA:1,(anonymous_3)
FNDA:1,(anonymous_4)
FNDA:1,(anonymous_5)
FNDA:1,(anonymous_6)
FNDA:1,(anonymous_7)
DA:6,1
DA:10,1
DA:11,1
DA:12,1
DA:14,1
DA:15,1
DA:20,1
DA:21,1
DA:22,1
DA:24,1
DA:25,1
DA:30,1
DA:31,1
DA:32,1
DA:34,1
DA:35,1
DA:40,1
DA:41,1
DA:43,1
DA:44,1
DA:49,1
DA:50,1
DA:52,1
DA:53,1
DA:58,1
DA:59,1
DA:61,1
DA:62,1
DA:67,1
DA:68,1
LF:30
LH:30
BRF:0
BRH:0
end_of_record
TN:
SF:/Users/mac/Desktop/study/LiFa-UI/src/input.vue
FNF:0
FNH:0
LF:0
LH:0
BRF:0
BRH:0
end_of_record
TN:
SF:/Users/mac/Desktop/study/LiFa-UI/tests/unit/input.spec.js
FN:9,(anonymous_0)
FN:10,(anonymous_1)
FN:14,(anonymous_2)
FN:15,(anonymous_3)
FN:23,(anonymous_4)
FN:33,(anonymous_5)
FN:42,(anonymous_6)
FN:55,(anonymous_7)
FN:56,(anonymous_8)
FN:57,(anonymous_9)
FNF:10
FNH:10
FNDA:1,(anonymous_0)
FNDA:1,(anonymous_1)
FNDA:1,(anonymous_2)
FNDA:1,(anonymous_3)
FNDA:1,(anonymous_4)
FNDA:1,(anonymous_5)
FNDA:1,(anonymous_6)
FNDA:1,(anonymous_7)
FNDA:1,(anonymous_8)
FNDA:4,(anonymous_9)
DA:7,1
DA:9,1
DA:10,1
DA:11,1
DA:14,1
DA:15,1
DA:16,1
DA:19,1
DA:20,1
DA:21,1
DA:23,1
DA:24,1
DA:29,1
DA:30,1
DA:31,1
DA:33,1
DA:34,1
DA:40,1
DA:42,1
DA:43,1
DA:48,1
DA:49,1
DA:50,1
DA:51,1
DA:55,1
DA:56,1
DA:57,1
DA:58,4
DA:59,4
DA:60,4
DA:61,4
DA:63,4
DA:64,4
LF:33
LH:33
BRF:0
BRH:0
end_of_record
TN:
SF:/Users/mac/Desktop/study/LiFa-UI/src/nav/nav.vue
FN:18,(anonymous_0)
FN:24,(anonymous_1)
FN:30,(anonymous_2)
FN:34,(anonymous_3)
FN:39,(anonymous_4)
FN:42,(anonymous_5)
FN:43,(anonymous_6)
FN:51,(anonymous_7)
FN:52,(anonymous_8)
FN:53,(anonymous_9)
FNF:10
FNH:8
FNDA:2,(anonymous_0)
FNDA:2,(anonymous_1)
FNDA:2,(anonymous_2)
FNDA:0,(anonymous_3)
FNDA:8,(anonymous_4)
FNDA:2,(anonymous_5)
FNDA:8,(anonymous_6)
FNDA:2,(anonymous_7)
FNDA:8,(anonymous_8)
FNDA:0,(anonymous_9)
DA:19,2
DA:25,2
DA:31,2
DA:32,2
DA:35,0
DA:36,0
DA:40,8
DA:43,2
DA:44,8
DA:45,2
DA:47,6
DA:52,2
DA:53,8
DA:54,0
LF:14
LH:11
BRDA:44,0,0,2
BRDA:44,0,1,6
BRF:2
BRH:2
end_of_record
TN:
SF:/Users/mac/Desktop/study/LiFa-UI/src/nav/nav-item.vue
FN:19,(anonymous_0)
FN:24,(anonymous_1)
FN:28,(anonymous_2)
FNF:3
FNH:2
FNDA:8,(anonymous_0)
FNDA:8,(anonymous_1)
FNDA:0,(anonymous_2)
DA:20,8
DA:25,8
DA:29,0
DA:30,0
DA:31,0
LF:5
LH:2
BRDA:30,0,0,0
BRDA:30,0,1,0
BRF:2
BRH:0
end_of_record
TN:
SF:/Users/mac/Desktop/study/LiFa-UI/src/click-outside.js
FN:1,(anonymous_0)
FN:3,(anonymous_1)
FN:14,(anonymous_2)
FNF:3
FNH:1
FNDA:0,(anonymous_0)
FNDA:0,(anonymous_1)
FNDA:2,(anonymous_2)
DA:1,1
DA:2,0
DA:3,0
DA:4,0
DA:5,0
DA:7,0
DA:10,1
DA:11,1
DA:15,2
LF:9
LH:4
BRDA:4,0,0,0
BRDA:4,0,1,0
BRDA:4,1,0,0
BRDA:4,1,1,0
BRF:4
BRH:0
end_of_record
TN:
SF:/Users/mac/Desktop/study/LiFa-UI/src/nav/sub-nav.vue
FN:31,(anonymous_0)
FN:46,(anonymous_1)
FN:51,(anonymous_2)
FN:55,(anonymous_3)
FN:58,(anonymous_4)
FN:70,(anonymous_5)
FN:74,(anonymous_6)
FN:77,(anonymous_7)
FN:84,(anonymous_8)
FN:88,(anonymous_9)
FNF:10
FNH:2
FNDA:2,(anonymous_0)
FNDA:2,(anonymous_1)
FNDA:0,(anonymous_2)
FNDA:0,(anonymous_3)
FNDA:0,(anonymous_4)
FNDA:0,(anonymous_5)
FNDA:0,(anonymous_6)
FNDA:0,(anonymous_7)
FNDA:0,(anonymous_8)
FNDA:0,(anonymous_9)
DA:32,2
DA:47,2
DA:52,0
DA:53,0
DA:56,0
DA:60,0
DA:61,0
DA:63,0
DA:67,0
DA:69,0
DA:70,0
DA:71,0
DA:75,0
DA:78,0
DA:79,0
DA:80,0
DA:81,0
DA:84,0
DA:85,0
DA:89,0
LF:20
LH:2
BRDA:47,0,0,0
BRDA:47,0,1,2
BRDA:52,1,0,0
BRDA:52,1,1,0
BRF:4
BRH:1
end_of_record
TN:
SF:/Users/mac/Desktop/study/LiFa-UI/tests/unit/nav.spec.js
FN:14,(anonymous_0)
FN:15,(anonymous_1)
FN:18,(anonymous_2)
FN:39,(anonymous_3)
FN:43,(anonymous_4)
FN:64,(anonymous_5)
FN:69,(anonymous_6)
FNF:7
FNH:5
FNDA:1,(anonymous_0)
FNDA:1,(anonymous_1)
FNDA:1,(anonymous_2)
FNDA:1,(anonymous_3)
FNDA:1,(anonymous_4)
FNDA:0,(anonymous_5)
FNDA:0,(anonymous_6)
DA:9,1
DA:14,1
DA:15,1
DA:16,1
DA:18,1
DA:19,1
DA:20,1
DA:21,1
DA:39,1
DA:40,1
DA:43,1
DA:44,1
DA:45,1
DA:46,1
DA:65,0
DA:69,1
DA:70,0
LF:17
LH:15
BRF:0
BRH:0
end_of_record
TN:
SF:/Users/mac/Desktop/study/LiFa-UI/src/pager.vue
FN:33,(anonymous_0)
FN:56,(anonymous_1)
FN:58,(anonymous_2)
FN:61,(anonymous_3)
FN:63,(anonymous_4)
FN:64,(anonymous_5)
FN:70,(anonymous_6)
FN:78,(anonymous_7)
FN:80,(anonymous_8)
FN:80,(anonymous_9)
FNF:10
FNH:10
FNDA:3,(anonymous_0)
FNDA:3,(anonymous_1)
FNDA:21,(anonymous_2)
FNDA:20,(anonymous_3)
FNDA:3,(anonymous_4)
FNDA:20,(anonymous_5)
FNDA:1,(anonymous_6)
FNDA:3,(anonymous_7)
FNDA:21,(anonymous_8)
FNDA:45,(anonymous_9)
DA:34,3
DA:57,3
DA:58,3
DA:59,21
DA:61,20
DA:64,3
DA:65,20
DA:66,5
DA:71,1
DA:72,0
DA:74,1
DA:79,3
DA:80,45
DA:81,3
DA:82,3
DA:83,3
LF:16
LH:15
BRDA:65,0,0,5
BRDA:65,0,1,15
BRDA:65,1,0,20
BRDA:65,1,1,5
BRDA:71,2,0,0
BRDA:71,2,1,1
BRDA:71,3,0,1
BRDA:71,3,1,1
BRDA:80,4,0,21
BRDA:80,4,1,21
BRF:10
BRH:9
end_of_record
TN:
SF:/Users/mac/Desktop/study/LiFa-UI/tests/unit/pager.spec.js
FN:9,(anonymous_0)
FN:10,(anonymous_1)
FN:13,(anonymous_2)
FN:22,(anonymous_3)
FN:31,(anonymous_4)
FN:38,(anonymous_5)
FNF:6
FNH:6
FNDA:1,(anonymous_0)
FNDA:1,(anonymous_1)
FNDA:1,(anonymous_2)
FNDA:1,(anonymous_3)
FNDA:1,(anonymous_4)
FNDA:1,(anonymous_5)
DA:6,1
DA:9,1
DA:10,1
DA:11,1
DA:13,1
DA:14,1
DA:20,1
DA:22,1
DA:23,1
DA:29,1
DA:31,1
DA:32,1
DA:39,1
DA:43,1
LF:14
LH:14
BRF:0
BRH:0
end_of_record
TN:
SF:/Users/mac/Desktop/study/LiFa-UI/src/popover.vue
FN:16,(anonymous_0)
FN:28,(anonymous_1)
FN:35,(anonymous_2)
FN:60,(anonymous_3)
FN:86,(anonymous_4)
FN:93,(anonymous_5)
FN:98,(anonymous_6)
FN:100,(anonymous_7)
FN:105,(anonymous_8)
FN:116,(anonymous_9)
FN:124,(anonymous_10)
FNF:11
FNH:6
FNDA:2,(anonymous_0)
FNDA:2,(anonymous_1)
FNDA:2,(anonymous_2)
FNDA:0,(anonymous_3)
FNDA:0,(anonymous_4)
FNDA:0,(anonymous_5)
FNDA:2,(anonymous_6)
FNDA:0,(anonymous_7)
FNDA:1,(anonymous_8)
FNDA:2,(anonymous_9)
FNDA:0,(anonymous_10)
DA:17,2
DA:29,2
DA:36,2
DA:61,0
DA:62,0
DA:63,0
DA:64,0
DA:65,0
DA:83,0
DA:84,0
DA:87,0
DA:88,0
DA:90,0
DA:91,0
DA:94,0
DA:95,0
DA:96,0
DA:99,2
DA:100,2
DA:101,0
DA:102,0
DA:107,1
DA:108,1
DA:109,0
DA:111,1
DA:117,2
DA:118,1
DA:120,1
DA:121,1
DA:125,0
DA:126,0
DA:128,0
DA:129,0
LF:33
LH:12
BRDA:62,0,0,0
BRDA:62,0,1,0
BRDA:87,1,0,0
BRDA:87,1,1,0
BRDA:90,2,0,0
BRDA:90,2,1,0
BRDA:90,3,0,0
BRDA:90,3,1,0
BRDA:107,4,0,1
BRDA:107,4,1,0
BRDA:108,5,0,0
BRDA:108,5,1,1
BRDA:117,6,0,1
BRDA:117,6,1,1
BRDA:125,7,0,0
BRDA:125,7,1,0
BRF:16
BRH:4
end_of_record
TN:
SF:/Users/mac/Desktop/study/LiFa-UI/tests/unit/popover.spec.js
FN:11,(anonymous_0)
FN:12,(anonymous_1)
FN:15,(anonymous_2)
FN:26,(anonymous_3)
FN:32,(anonymous_4)
FN:44,(anonymous_5)
FNF:6
FNH:4
FNDA:1,(anonymous_0)
FNDA:1,(anonymous_1)
FNDA:1,(anonymous_2)
FNDA:0,(anonymous_3)
FNDA:1,(anonymous_4)
FNDA:0,(anonymous_5)
DA:5,1
DA:11,1
DA:12,1
DA:13,1
DA:15,1
DA:16,1
DA:25,1
DA:26,1
DA:27,0
DA:28,0
DA:32,1
DA:33,1
DA:42,1
DA:43,1
DA:44,1
DA:45,0
LF:16
LH:13
BRF:0
BRH:0
end_of_record
TN:
SF:/Users/mac/Desktop/study/LiFa-UI/src/slides/slides.vue
FN:45,(anonymous_0)
FN:54,(anonymous_1)
FN:65,(anonymous_2)
FN:74,(anonymous_3)
FN:84,(anonymous_4)
FN:88,(anonymous_5)
FN:91,(anonymous_6)
FN:92,(anonymous_7)
FN:96,(anonymous_8)
FN:104,(anonymous_9)
FN:109,(anonymous_10)
FN:114,(anonymous_11)
FN:121,(anonymous_12)
FN:124,(anonymous_13)
FN:146,(anonymous_14)
FN:149,(anonymous_15)
FN:154,(anonymous_16)
FN:158,(anonymous_17)
FN:160,(anonymous_18)
FN:174,(anonymous_19)
FN:179,(anonymous_20)
FN:187,(anonymous_21)
FN:191,(anonymous_22)
FN:197,(anonymous_23)
FN:201,(anonymous_24)
FNF:25
FNH:9
FNDA:2,(anonymous_0)
FNDA:2,(anonymous_1)
FNDA:2,(anonymous_2)
FNDA:0,(anonymous_3)
FNDA:0,(anonymous_4)
FNDA:2,(anonymous_5)
FNDA:2,(anonymous_6)
FNDA:10,(anonymous_7)
FNDA:0,(anonymous_8)
FNDA:0,(anonymous_9)
FNDA:0,(anonymous_10)
FNDA:0,(anonymous_11)
FNDA:0,(anonymous_12)
FNDA:0,(anonymous_13)
FNDA:0,(anonymous_14)
FNDA:0,(anonymous_15)
FNDA:0,(anonymous_16)
FNDA:2,(anonymous_17)
FNDA:10,(anonymous_18)
FNDA:0,(anonymous_19)
FNDA:0,(anonymous_20)
FNDA:0,(anonymous_21)
FNDA:0,(anonymous_22)
FNDA:2,(anonymous_23)
FNDA:0,(anonymous_24)
DA:46,2
DA:55,2
DA:66,2
DA:67,2
DA:68,2
DA:69,0
DA:71,2
DA:72,0
DA:74,2
DA:75,0
DA:76,0
DA:77,0
DA:78,0
DA:85,0
DA:89,2
DA:92,10
DA:97,0
DA:98,0
DA:99,0
DA:101,0
DA:102,0
DA:105,0
DA:106,0
DA:107,0
DA:110,0
DA:111,0
DA:112,0
DA:115,0
DA:116,0
DA:118,0
DA:119,0
DA:122,0
DA:125,0
DA:126,0
DA:127,0
DA:128,0
DA:129,0
DA:130,0
DA:131,0
DA:132,0
DA:133,0
DA:134,0
DA:135,0
DA:137,0
DA:138,0
DA:139,0
DA:142,0
DA:143,0
DA:147,0
DA:150,0
DA:151,0
DA:155,0
DA:156,0
DA:159,2
DA:160,2
DA:161,10
DA:163,10
DA:165,0
DA:166,0
DA:169,0
DA:170,0
DA:173,10
DA:174,10
DA:175,0
DA:181,0
DA:182,0
DA:184,0
DA:186,0
DA:187,0
DA:188,0
DA:189,0
DA:190,0
DA:191,0
DA:192,0
DA:195,0
DA:198,2
DA:199,2
DA:202,0
DA:203,0
DA:204,0
DA:206,0
DA:207,0
DA:210,0
DA:212,0
DA:214,0
LF:85
LH:17
BRDA:68,0,0,0
BRDA:68,0,1,2
BRDA:71,1,0,0
BRDA:71,1,1,2
BRDA:89,2,0,2
BRDA:89,2,1,0
BRDA:115,3,0,0
BRDA:115,3,1,0
BRDA:131,4,0,0
BRDA:131,4,1,0
BRDA:132,5,0,0
BRDA:132,5,1,0
BRDA:132,6,0,0
BRDA:132,6,1,0
BRDA:142,7,0,0
BRDA:142,7,1,0
BRDA:150,8,0,0
BRDA:150,8,1,0
BRDA:161,9,0,0
BRDA:161,9,1,10
BRDA:163,10,0,0
BRDA:163,10,1,10
BRDA:163,11,0,10
BRDA:163,11,1,10
BRDA:165,12,0,0
BRDA:165,12,1,0
BRDA:165,13,0,0
BRDA:165,13,1,0
BRDA:169,14,0,0
BRDA:169,14,1,0
BRDA:169,15,0,0
BRDA:169,15,1,0
BRDA:181,16,0,0
BRDA:181,16,1,0
BRDA:199,17,0,2
BRDA:199,17,1,0
BRDA:203,18,0,0
BRDA:203,18,1,0
BRDA:206,19,0,0
BRDA:206,19,1,0
BRF:40
BRH:8
end_of_record
TN:
SF:/Users/mac/Desktop/study/LiFa-UI/src/slides/slides-item.vue
FN:12,(anonymous_0)
FN:25,(anonymous_1)
FNF:2
FNH:2
FNDA:8,(anonymous_0)
FNDA:8,(anonymous_1)
DA:13,8
DA:26,8
LF:2
LH:2
BRF:0
BRH:0
end_of_record
TN:
SF:/Users/mac/Desktop/study/LiFa-UI/tests/unit/slides.spec.js
FN:12,(anonymous_0)
FN:13,(anonymous_1)
FN:16,(anonymous_2)
FN:42,(anonymous_3)
FN:69,(anonymous_4)
FN:93,(anonymous_5)
FN:98,(anonymous_6)
FN:102,(anonymous_7)
FN:131,(anonymous_8)
FN:136,(anonymous_9)
FN:164,(anonymous_10)
FN:170,(anonymous_11)
FN:197,(anonymous_12)
FNF:13
FNH:4
FNDA:1,(anonymous_0)
FNDA:1,(anonymous_1)
FNDA:1,(anonymous_2)
FNDA:1,(anonymous_3)
FNDA:0,(anonymous_4)
FNDA:0,(anonymous_5)
FNDA:0,(anonymous_6)
FNDA:0,(anonymous_7)
FNDA:0,(anonymous_8)
FNDA:0,(anonymous_9)
FNDA:0,(anonymous_10)
FNDA:0,(anonymous_11)
FNDA:0,(anonymous_12)
DA:9,1
DA:12,1
DA:13,1
DA:14,1
DA:16,1
DA:17,1
DA:18,1
DA:39,1
DA:40,1
DA:42,1
DA:43,1
DA:44,1
DA:66,1
DA:67,1
DA:69,1
DA:70,0
DA:71,0
DA:94,0
DA:98,0
DA:99,0
DA:102,1
DA:103,0
DA:104,0
DA:105,0
DA:131,0
DA:132,0
DA:133,0
DA:136,1
DA:137,0
DA:138,0
DA:139,0
DA:164,0
DA:165,0
DA:166,0
DA:167,0
DA:170,1
DA:171,0
DA:172,0
DA:173,0
DA:197,0
DA:198,0
DA:199,0
DA:200,0
LF:43
LH:18
BRF:0
BRH:0
end_of_record
TN:
SF:/Users/mac/Desktop/study/LiFa-UI/src/http.js
FN:1,core
FN:4,(anonymous_1)
FN:7,(anonymous_2)
FN:14,(anonymous_3)
FN:15,(anonymous_4)
FN:18,(anonymous_5)
FN:19,(anonymous_6)
FN:20,(anonymous_7)
FNF:8
FNH:0
FNDA:0,core
FNDA:0,(anonymous_1)
FNDA:0,(anonymous_2)
FNDA:0,(anonymous_3)
FNDA:0,(anonymous_4)
FNDA:0,(anonymous_5)
FNDA:0,(anonymous_6)
FNDA:0,(anonymous_7)
DA:2,0
DA:3,0
DA:4,0
DA:5,0
DA:7,0
DA:8,0
DA:10,0
DA:16,0
LF:8
LH:0
BRDA:5,0,0,0
BRDA:5,0,1,0
BRDA:8,1,0,0
BRDA:8,1,1,0
BRF:4
BRH:0
end_of_record
TN:
SF:/Users/mac/Desktop/study/LiFa-UI/src/upload.vue
FN:47,(anonymous_0)
FN:69,(anonymous_1)
FN:75,(anonymous_2)
FN:77,(anonymous_3)
FN:85,(anonymous_4)
FN:94,(anonymous_5)
FN:108,(anonymous_6)
FN:117,(anonymous_7)
FN:122,(anonymous_8)
FN:123,(anonymous_9)
FN:136,(anonymous_10)
FN:137,(anonymous_11)
FN:146,(anonymous_12)
FN:153,(anonymous_13)
FN:161,(anonymous_14)
FN:169,(anonymous_15)
FN:171,(anonymous_16)
FN:183,(anonymous_17)
FNF:18
FNH:0
FNDA:0,(anonymous_0)
FNDA:0,(anonymous_1)
FNDA:0,(anonymous_2)
FNDA:0,(anonymous_3)
FNDA:0,(anonymous_4)
FNDA:0,(anonymous_5)
FNDA:0,(anonymous_6)
FNDA:0,(anonymous_7)
FNDA:0,(anonymous_8)
FNDA:0,(anonymous_9)
FNDA:0,(anonymous_10)
FNDA:0,(anonymous_11)
FNDA:0,(anonymous_12)
FNDA:0,(anonymous_13)
FNDA:0,(anonymous_14)
FNDA:0,(anonymous_15)
FNDA:0,(anonymous_16)
FNDA:0,(anonymous_17)
DA:47,0
DA:70,0
DA:76,0
DA:77,0
DA:78,0
DA:79,0
DA:80,0
DA:83,0
DA:86,0
DA:87,0
DA:88,0
DA:89,0
DA:90,0
DA:91,0
DA:92,0
DA:95,0
DA:96,0
DA:97,0
DA:98,0
DA:99,0
DA:100,0
DA:102,0
DA:103,0
DA:104,0
DA:105,0
DA:106,0
DA:107,0
DA:108,0
DA:110,0
DA:111,0
DA:113,0
DA:115,0
DA:116,0
DA:118,0
DA:123,0
DA:124,0
DA:125,0
DA:126,0
DA:127,0
DA:128,0
DA:129,0
DA:130,0
DA:131,0
DA:132,0
DA:134,0
DA:137,0
DA:138,0
DA:139,0
DA:140,0
DA:142,0
DA:144,0
DA:147,0
DA:154,0
DA:155,0
DA:156,0
DA:157,0
DA:158,0
DA:161,0
DA:162,0
DA:164,0
DA:165,0
DA:171,0
DA:172,0
DA:174,0
DA:175,0
DA:176,0
DA:177,0
DA:179,0
DA:180,0
DA:181,0
DA:184,0
DA:185,0
DA:186,0
DA:187,0
DA:188,0
DA:189,0
LF:76
LH:0
BRDA:102,0,0,0
BRDA:102,0,1,0
BRDA:110,1,0,0
BRDA:110,1,1,0
BRDA:131,2,0,0
BRDA:131,2,1,0
BRDA:156,3,0,0
BRDA:156,3,1,0
BRDA:186,4,0,0
BRDA:186,4,1,0
BRF:10
BRH:0
end_of_record
TN:
SF:/Users/mac/Desktop/study/LiFa-UI/tests/unit/upload.spec.js
FN:11,(anonymous_0)
FN:12,(anonymous_1)
FN:15,(anonymous_2)
FN:16,(anonymous_3)
FN:17,(anonymous_4)
FN:27,(anonymous_5)
FN:35,(anonymous_6)
FN:36,(anonymous_7)
FNF:8
FNH:2
FNDA:1,(anonymous_0)
FNDA:1,(anonymous_1)
FNDA:0,(anonymous_2)
FNDA:0,(anonymous_3)
FNDA:0,(anonymous_4)
FNDA:0,(anonymous_5)
FNDA:0,(anonymous_6)
FNDA:0,(anonymous_7)
DA:9,1
DA:11,1
DA:12,1
DA:13,1
DA:15,1
DA:16,0
DA:17,0
DA:18,0
DA:22,0
DA:28,0
DA:29,0
DA:35,0
DA:37,0
DA:38,0
DA:39,0
DA:40,0
DA:44,0
DA:45,0
DA:46,0
DA:47,0
DA:49,0
DA:50,0
DA:51,0
DA:53,0
DA:54,0
LF:25
LH:5
BRF:0
BRH:0
end_of_record
TN:
SF:/Users/mac/Desktop/study/LiFa-UI/src/validate.js
FN:2,(anonymous_0)
FN:7,(anonymous_1)
FN:10,(anonymous_2)
FN:12,(anonymous_3)
FN:23,(anonymous_4)
FN:24,(anonymous_5)
FN:41,(anonymous_6)
FN:46,(anonymous_7)
FN:54,(anonymous_8)
FN:62,ensureObject
FNF:10
FNH:10
FNDA:14,(anonymous_0)
FNDA:1,(anonymous_1)
FNDA:14,(anonymous_2)
FNDA:14,(anonymous_3)
FNDA:39,(anonymous_4)
FNDA:24,(anonymous_5)
FNDA:3,(anonymous_6)
FNDA:11,(anonymous_7)
FNDA:7,(anonymous_8)
FNDA:16,ensureObject
DA:8,1
DA:11,14
DA:12,14
DA:13,14
DA:14,14
DA:15,3
DA:16,3
DA:17,2
DA:18,2
DA:19,2
DA:23,39
DA:24,12
DA:25,24
DA:26,24
DA:27,22
DA:28,22
DA:29,14
DA:30,14
DA:33,2
DA:39,12
DA:42,3
DA:43,2
DA:47,11
DA:48,9
DA:50,11
DA:51,9
DA:55,7
DA:56,1
DA:63,16
DA:64,11
LF:30
LH:30
BRDA:14,0,0,3
BRDA:14,0,1,11
BRDA:16,1,0,2
BRDA:16,1,1,1
BRDA:23,2,0,39
BRDA:23,2,1,27
BRDA:25,3,0,24
BRDA:25,3,1,0
BRDA:26,4,0,22
BRDA:26,4,1,2
BRDA:28,5,0,14
BRDA:28,5,1,8
BRDA:42,6,0,2
BRDA:42,6,1,1
BRDA:42,7,0,3
BRDA:42,7,1,3
BRDA:47,8,0,9
BRDA:47,8,1,2
BRDA:50,9,0,9
BRDA:50,9,1,2
BRDA:55,10,0,1
BRDA:55,10,1,6
BRDA:63,11,0,11
BRDA:63,11,1,5
BRF:24
BRH:23
end_of_record
TN:
SF:/Users/mac/Desktop/study/LiFa-UI/tests/unit/validate.spec.js
FN:9,(anonymous_0)
FN:10,(anonymous_1)
FN:13,(anonymous_2)
FN:24,(anonymous_3)
FN:35,(anonymous_4)
FN:46,(anonymous_5)
FN:57,(anonymous_6)
FN:68,(anonymous_7)
FN:79,(anonymous_8)
FN:91,(anonymous_9)
FN:103,(anonymous_10)
FN:114,(anonymous_11)
FN:120,(anonymous_12)
FN:127,(anonymous_13)
FN:134,(anonymous_14)
FN:141,(anonymous_15)
FN:147,(anonymous_16)
FN:153,(anonymous_17)
FN:156,(anonymous_18)
FN:160,(anonymous_19)
FN:166,(anonymous_20)
FN:172,(anonymous_21)
FN:175,(anonymous_22)
FNF:23
FNH:23
FNDA:1,(anonymous_0)
FNDA:1,(anonymous_1)
FNDA:1,(anonymous_2)
FNDA:1,(anonymous_3)
FNDA:1,(anonymous_4)
FNDA:1,(anonymous_5)
FNDA:1,(anonymous_6)
FNDA:1,(anonymous_7)
FNDA:1,(anonymous_8)
FNDA:1,(anonymous_9)
FNDA:1,(anonymous_10)
FNDA:1,(anonymous_11)
FNDA:1,(anonymous_12)
FNDA:1,(anonymous_13)
FNDA:1,(anonymous_14)
FNDA:1,(anonymous_15)
FNDA:1,(anonymous_16)
FNDA:1,(anonymous_17)
FNDA:1,(anonymous_18)
FNDA:1,(anonymous_19)
FNDA:2,(anonymous_20)
FNDA:1,(anonymous_21)
FNDA:1,(anonymous_22)
DA:6,1
DA:9,1
DA:10,1
DA:11,1
DA:13,1
DA:14,1
DA:17,1
DA:20,1
DA:21,1
DA:22,1
DA:24,1
DA:25,1
DA:28,1
DA:31,1
DA:32,1
DA:33,1
DA:35,1
DA:36,1
DA:39,1
DA:42,1
DA:43,1
DA:44,1
DA:46,1
DA:47,1
DA:50,1
DA:53,1
DA:54,1
DA:55,1
DA:57,1
DA:58,1
DA:61,1
DA:64,1
DA:65,1
DA:66,1
DA:68,1
DA:69,1
DA:72,1
DA:75,1
DA:76,1
DA:77,1
DA:79,1
DA:80,1
DA:83,1
DA:86,1
DA:87,1
DA:88,1
DA:89,1
DA:91,1
DA:92,1
DA:95,1
DA:98,1
DA:99,1
DA:100,1
DA:101,1
DA:103,1
DA:104,1
DA:107,1
DA:113,1
DA:114,1
DA:115,1
DA:118,1
DA:120,1
DA:121,1
DA:126,1
DA:127,1
DA:128,1
DA:129,1
DA:132,1
DA:134,1
DA:135,1
DA:137,1
DA:139,1
DA:141,1
DA:142,1
DA:145,1
DA:146,1
DA:147,1
DA:148,1
DA:149,1
DA:152,1
DA:153,1
DA:154,1
DA:156,1
DA:157,1
DA:160,1
DA:161,1
DA:164,1
DA:165,1
DA:166,1
DA:167,2
DA:168,2
DA:171,1
DA:172,1
DA:173,1
DA:175,1
DA:176,1
LF:96
LH:96
BRDA:128,0,0,1
BRDA:128,0,1,0
BRDA:148,1,0,1
BRDA:148,1,1,0
BRDA:167,2,0,2
BRDA:167,2,1,0
BRF:6
BRH:3
end_of_record
